<?xml version="1.0" encoding="UTF-8"?>
<!-- Generated by org.testng.reporters.JUnitXMLReporter -->
<testsuite hostname="USER-PC" ignored="10" name="Default test" tests="1" failures="0" timestamp="2019-10-20T22:11:15 IST" time="13.856" errors="0">
  <testcase name="verifyAnswerBlock" time="0.618" classname="com.test.challengingDOM.ChallengingDOM"/>
  <testcase name="verifyEditButtonInEachRow" time="0.0" classname="com.test.challengingDOM.ChallengingDOM">
    <ignored/>
  </testcase> <!-- verifyEditButtonInEachRow -->
  <testcase name="verifyEditButtonClickInEachRow" time="0.0" classname="com.test.challengingDOM.ChallengingDOM">
    <ignored/>
  </testcase> <!-- verifyEditButtonClickInEachRow -->
  <testcase name="verifyFooter" time="0.0" classname="com.test.challengingDOM.ChallengingDOM">
    <ignored/>
  </testcase> <!-- verifyFooter -->
  <testcase name="verifyDeleteButtonInEachRow" time="0.0" classname="com.test.challengingDOM.ChallengingDOM">
    <ignored/>
  </testcase> <!-- verifyDeleteButtonInEachRow -->
  <testcase name="testToVerifyTheTextAndHyperlinkOfTheGITHub" time="0.0" classname="com.test.challengingDOM.ChallengingDOM">
    <ignored/>
  </testcase> <!-- testToVerifyTheTextAndHyperlinkOfTheGITHub -->
  <testcase name="verifyTheHeader" time="0.0" classname="com.test.challengingDOM.ChallengingDOM">
    <ignored/>
  </testcase> <!-- verifyTheHeader -->
  <testcase name="verifyEachColumnDataSequence" time="0.0" classname="com.test.challengingDOM.ChallengingDOM">
    <ignored/>
  </testcase> <!-- verifyEachColumnDataSequence -->
  <testcase name="testToVerifyTheHeaderAndParagraph" time="0.0" classname="com.test.challengingDOM.ChallengingDOM">
    <ignored/>
  </testcase> <!-- testToVerifyTheHeaderAndParagraph -->
  <testcase name="verifyDeleteButtonClickInEachRow" time="0.0" classname="com.test.challengingDOM.ChallengingDOM">
    <ignored/>
  </testcase> <!-- verifyDeleteButtonClickInEachRow -->
  <testcase name="verifyTheButtons" time="0.0" classname="com.test.challengingDOM.ChallengingDOM">
    <ignored/>
  </testcase> <!-- verifyTheButtons -->
</testsuite> <!-- Default test -->
