<?xml version="1.0" encoding="UTF-8"?>
<!-- Generated by org.testng.reporters.JUnitXMLReporter -->
<testsuite hostname="USER-PC" ignored="0" name="Test" tests="11" failures="0" timestamp="2019-10-20T22:20:04 IST" time="54.991" errors="0">
  <testcase name="testToVerifyTheHeaderAndParagraph" time="0.622" classname="com.test.challengingDOM.ChallengingDOM"/>
  <testcase name="testToVerifyTheTextAndHyperlinkOfTheGITHub" time="4.549" classname="com.test.challengingDOM.ChallengingDOM"/>
  <testcase name="verifyAnswerBlock" time="0.203" classname="com.test.challengingDOM.ChallengingDOM"/>
  <testcase name="verifyDeleteButtonClickInEachRow" time="3.968" classname="com.test.challengingDOM.ChallengingDOM"/>
  <testcase name="verifyDeleteButtonInEachRow" time="1.987" classname="com.test.challengingDOM.ChallengingDOM"/>
  <testcase name="verifyEachColumnDataSequence" time="6.511" classname="com.test.challengingDOM.ChallengingDOM"/>
  <testcase name="verifyEditButtonClickInEachRow" time="3.771" classname="com.test.challengingDOM.ChallengingDOM"/>
  <testcase name="verifyEditButtonInEachRow" time="1.163" classname="com.test.challengingDOM.ChallengingDOM"/>
  <testcase name="verifyFooter" time="7.286" classname="com.test.challengingDOM.ChallengingDOM"/>
  <testcase name="verifyTheButtons" time="0.986" classname="com.test.challengingDOM.ChallengingDOM"/>
  <testcase name="verifyTheHeader" time="0.514" classname="com.test.challengingDOM.ChallengingDOM"/>
</testsuite> <!-- Test -->
